d:\visualstudio\rendering\minerva\minerva\x64\debug\vc143.pdb
d:\visualstudio\rendering\minerva\minerva\x64\debug\vc143.idb
d:\visualstudio\rendering\minerva\minerva\x64\debug\window.obj
d:\visualstudio\rendering\minerva\minerva\x64\debug\timer.obj
d:\visualstudio\rendering\minerva\minerva\x64\debug\vector4.obj
d:\visualstudio\rendering\minerva\minerva\x64\debug\vector3.obj
d:\visualstudio\rendering\minerva\minerva\x64\debug\vector2.obj
d:\visualstudio\rendering\minerva\minerva\x64\debug\transformmatrixcalculator.obj
d:\visualstudio\rendering\minerva\minerva\x64\debug\quaternion.obj
d:\visualstudio\rendering\minerva\minerva\x64\debug\mcolorexterns.obj
d:\visualstudio\rendering\minerva\minerva\x64\debug\renderdata.obj
d:\visualstudio\rendering\minerva\minerva\x64\debug\meshrenderer.obj
d:\visualstudio\rendering\minerva\minerva\x64\debug\camera.obj
d:\visualstudio\rendering\minerva\minerva\x64\debug\rendertarget.obj
d:\visualstudio\rendering\minerva\minerva\x64\debug\mcolor.obj
d:\visualstudio\rendering\minerva\minerva\x64\debug\mbitmap.obj
d:\visualstudio\rendering\minerva\minerva\x64\debug\openeclcontroller.obj
d:\visualstudio\rendering\minerva\minerva\x64\debug\winmain.obj
d:\visualstudio\rendering\minerva\minerva\x64\debug\enginecontroller.obj
d:\visualstudio\rendering\minerva\minerva\x64\debug\renderer.obj
d:\visualstudio\rendering\minerva\x64\debug\minerva.exe
d:\visualstudio\rendering\minerva\x64\debug\minerva.pdb
d:\visualstudio\rendering\minerva\minerva\x64\debug\minerva.res
d:\visualstudio\rendering\minerva\minerva\x64\debug\minerva.ilk
d:\visualstudio\rendering\minerva\minerva\x64\debug\minerva.tlog\cl.command.1.tlog
d:\visualstudio\rendering\minerva\minerva\x64\debug\minerva.tlog\cl.items.tlog
d:\visualstudio\rendering\minerva\minerva\x64\debug\minerva.tlog\cl.read.1.tlog
d:\visualstudio\rendering\minerva\minerva\x64\debug\minerva.tlog\cl.write.1.tlog
d:\visualstudio\rendering\minerva\minerva\x64\debug\minerva.tlog\link.command.1.tlog
d:\visualstudio\rendering\minerva\minerva\x64\debug\minerva.tlog\link.read.1.tlog
d:\visualstudio\rendering\minerva\minerva\x64\debug\minerva.tlog\link.secondary.1.tlog
d:\visualstudio\rendering\minerva\minerva\x64\debug\minerva.tlog\link.write.1.tlog
d:\visualstudio\rendering\minerva\minerva\x64\debug\minerva.tlog\rc.command.1.tlog
d:\visualstudio\rendering\minerva\minerva\x64\debug\minerva.tlog\rc.read.1.tlog
d:\visualstudio\rendering\minerva\minerva\x64\debug\minerva.tlog\rc.write.1.tlog
